

Writing C:\Users\torma\Desktop\Projects\minespect\downloads\resourcepack.zip
Writing pack.mcmeta to pack.mcmeta
Writing diamond_sword.json to assets\minecraft\models\item\diamond_sword.json
Writing golden_sword.json to assets\minecraft\models\item\golden_sword.json
Writing iron_sword.json to assets\minecraft\models\item\iron_sword.json
Writing netherite_sword.json to assets\minecraft\models\item\netherite_sword.json
Writing stone_sword.json to assets\minecraft\models\item\stone_sword.json
Writing wooden_sword.json to assets\minecraft\models\item\wooden_sword.json
Writing frame_1.json to assets\minecraft\models\item\inspect_diamond_sword\frame_1.json
Writing frame_10.json to assets\minecraft\models\item\inspect_diamond_sword\frame_10.json
Writing frame_100.json to assets\minecraft\models\item\inspect_diamond_sword\frame_100.json
Writing frame_101.json to assets\minecraft\models\item\inspect_diamond_sword\frame_101.json
Writing frame_102.json to assets\minecraft\models\item\inspect_diamond_sword\frame_102.json
Writing frame_103.json to assets\minecraft\models\item\inspect_diamond_sword\frame_103.json
Writing frame_104.json to assets\minecraft\models\item\inspect_diamond_sword\frame_104.json
Writing frame_105.json to assets\minecraft\models\item\inspect_diamond_sword\frame_105.json
Writing frame_106.json to assets\minecraft\models\item\inspect_diamond_sword\frame_106.json
Writing frame_107.json to assets\minecraft\models\item\inspect_diamond_sword\frame_107.json
Writing frame_108.json to assets\minecraft\models\item\inspect_diamond_sword\frame_108.json
Writing frame_109.json to assets\minecraft\models\item\inspect_diamond_sword\frame_109.json
Writing frame_11.json to assets\minecraft\models\item\inspect_diamond_sword\frame_11.json
Writing frame_110.json to assets\minecraft\models\item\inspect_diamond_sword\frame_110.json
Writing frame_111.json to assets\minecraft\models\item\inspect_diamond_sword\frame_111.json
Writing frame_112.json to assets\minecraft\models\item\inspect_diamond_sword\frame_112.json
Writing frame_113.json to assets\minecraft\models\item\inspect_diamond_sword\frame_113.json
Writing frame_114.json to assets\minecraft\models\item\inspect_diamond_sword\frame_114.json
Writing frame_115.json to assets\minecraft\models\item\inspect_diamond_sword\frame_115.json
Writing frame_12.json to assets\minecraft\models\item\inspect_diamond_sword\frame_12.json
Writing frame_13.json to assets\minecraft\models\item\inspect_diamond_sword\frame_13.json
Writing frame_14.json to assets\minecraft\models\item\inspect_diamond_sword\frame_14.json
Writing frame_15.json to assets\minecraft\models\item\inspect_diamond_sword\frame_15.json
Writing frame_16.json to assets\minecraft\models\item\inspect_diamond_sword\frame_16.json
Writing frame_17.json to assets\minecraft\models\item\inspect_diamond_sword\frame_17.json
Writing frame_18.json to assets\minecraft\models\item\inspect_diamond_sword\frame_18.json
Writing frame_19.json to assets\minecraft\models\item\inspect_diamond_sword\frame_19.json
Writing frame_2.json to assets\minecraft\models\item\inspect_diamond_sword\frame_2.json
Writing frame_20.json to assets\minecraft\models\item\inspect_diamond_sword\frame_20.json
Writing frame_21.json to assets\minecraft\models\item\inspect_diamond_sword\frame_21.json
Writing frame_22.json to assets\minecraft\models\item\inspect_diamond_sword\frame_22.json
Writing frame_23.json to assets\minecraft\models\item\inspect_diamond_sword\frame_23.json
Writing frame_24.json to assets\minecraft\models\item\inspect_diamond_sword\frame_24.json
Writing frame_25.json to assets\minecraft\models\item\inspect_diamond_sword\frame_25.json
Writing frame_26.json to assets\minecraft\models\item\inspect_diamond_sword\frame_26.json
Writing frame_27.json to assets\minecraft\models\item\inspect_diamond_sword\frame_27.json
Writing frame_28.json to assets\minecraft\models\item\inspect_diamond_sword\frame_28.json
Writing frame_29.json to assets\minecraft\models\item\inspect_diamond_sword\frame_29.json
Writing frame_3.json to assets\minecraft\models\item\inspect_diamond_sword\frame_3.json
Writing frame_30.json to assets\minecraft\models\item\inspect_diamond_sword\frame_30.json
Writing frame_31.json to assets\minecraft\models\item\inspect_diamond_sword\frame_31.json
Writing frame_32.json to assets\minecraft\models\item\inspect_diamond_sword\frame_32.json
Writing frame_33.json to assets\minecraft\models\item\inspect_diamond_sword\frame_33.json
Writing frame_34.json to assets\minecraft\models\item\inspect_diamond_sword\frame_34.json
Writing frame_35.json to assets\minecraft\models\item\inspect_diamond_sword\frame_35.json
Writing frame_36.json to assets\minecraft\models\item\inspect_diamond_sword\frame_36.json
Writing frame_37.json to assets\minecraft\models\item\inspect_diamond_sword\frame_37.json
Writing frame_38.json to assets\minecraft\models\item\inspect_diamond_sword\frame_38.json
Writing frame_39.json to assets\minecraft\models\item\inspect_diamond_sword\frame_39.json
Writing frame_4.json to assets\minecraft\models\item\inspect_diamond_sword\frame_4.json
Writing frame_40.json to assets\minecraft\models\item\inspect_diamond_sword\frame_40.json
Writing frame_41.json to assets\minecraft\models\item\inspect_diamond_sword\frame_41.json
Writing frame_42.json to assets\minecraft\models\item\inspect_diamond_sword\frame_42.json
Writing frame_43.json to assets\minecraft\models\item\inspect_diamond_sword\frame_43.json
Writing frame_44.json to assets\minecraft\models\item\inspect_diamond_sword\frame_44.json
Writing frame_45.json to assets\minecraft\models\item\inspect_diamond_sword\frame_45.json
Writing frame_46.json to assets\minecraft\models\item\inspect_diamond_sword\frame_46.json
Writing frame_47.json to assets\minecraft\models\item\inspect_diamond_sword\frame_47.json
Writing frame_48.json to assets\minecraft\models\item\inspect_diamond_sword\frame_48.json
Writing frame_49.json to assets\minecraft\models\item\inspect_diamond_sword\frame_49.json
Writing frame_5.json to assets\minecraft\models\item\inspect_diamond_sword\frame_5.json
Writing frame_50.json to assets\minecraft\models\item\inspect_diamond_sword\frame_50.json
Writing frame_51.json to assets\minecraft\models\item\inspect_diamond_sword\frame_51.json
Writing frame_52.json to assets\minecraft\models\item\inspect_diamond_sword\frame_52.json
Writing frame_53.json to assets\minecraft\models\item\inspect_diamond_sword\frame_53.json
Writing frame_54.json to assets\minecraft\models\item\inspect_diamond_sword\frame_54.json
Writing frame_55.json to assets\minecraft\models\item\inspect_diamond_sword\frame_55.json
Writing frame_56.json to assets\minecraft\models\item\inspect_diamond_sword\frame_56.json
Writing frame_57.json to assets\minecraft\models\item\inspect_diamond_sword\frame_57.json
Writing frame_58.json to assets\minecraft\models\item\inspect_diamond_sword\frame_58.json
Writing frame_59.json to assets\minecraft\models\item\inspect_diamond_sword\frame_59.json
Writing frame_6.json to assets\minecraft\models\item\inspect_diamond_sword\frame_6.json
Writing frame_60.json to assets\minecraft\models\item\inspect_diamond_sword\frame_60.json
Writing frame_61.json to assets\minecraft\models\item\inspect_diamond_sword\frame_61.json
Writing frame_62.json to assets\minecraft\models\item\inspect_diamond_sword\frame_62.json
Writing frame_63.json to assets\minecraft\models\item\inspect_diamond_sword\frame_63.json
Writing frame_64.json to assets\minecraft\models\item\inspect_diamond_sword\frame_64.json
Writing frame_65.json to assets\minecraft\models\item\inspect_diamond_sword\frame_65.json
Writing frame_66.json to assets\minecraft\models\item\inspect_diamond_sword\frame_66.json
Writing frame_67.json to assets\minecraft\models\item\inspect_diamond_sword\frame_67.json
Writing frame_68.json to assets\minecraft\models\item\inspect_diamond_sword\frame_68.json
Writing frame_69.json to assets\minecraft\models\item\inspect_diamond_sword\frame_69.json
Writing frame_7.json to assets\minecraft\models\item\inspect_diamond_sword\frame_7.json
Writing frame_70.json to assets\minecraft\models\item\inspect_diamond_sword\frame_70.json
Writing frame_71.json to assets\minecraft\models\item\inspect_diamond_sword\frame_71.json
Writing frame_72.json to assets\minecraft\models\item\inspect_diamond_sword\frame_72.json
Writing frame_73.json to assets\minecraft\models\item\inspect_diamond_sword\frame_73.json
Writing frame_74.json to assets\minecraft\models\item\inspect_diamond_sword\frame_74.json
Writing frame_75.json to assets\minecraft\models\item\inspect_diamond_sword\frame_75.json
Writing frame_76.json to assets\minecraft\models\item\inspect_diamond_sword\frame_76.json
Writing frame_77.json to assets\minecraft\models\item\inspect_diamond_sword\frame_77.json
Writing frame_78.json to assets\minecraft\models\item\inspect_diamond_sword\frame_78.json
Writing frame_79.json to assets\minecraft\models\item\inspect_diamond_sword\frame_79.json
Writing frame_8.json to assets\minecraft\models\item\inspect_diamond_sword\frame_8.json
Writing frame_80.json to assets\minecraft\models\item\inspect_diamond_sword\frame_80.json
Writing frame_81.json to assets\minecraft\models\item\inspect_diamond_sword\frame_81.json
Writing frame_82.json to assets\minecraft\models\item\inspect_diamond_sword\frame_82.json
Writing frame_83.json to assets\minecraft\models\item\inspect_diamond_sword\frame_83.json
Writing frame_84.json to assets\minecraft\models\item\inspect_diamond_sword\frame_84.json
Writing frame_85.json to assets\minecraft\models\item\inspect_diamond_sword\frame_85.json
Writing frame_86.json to assets\minecraft\models\item\inspect_diamond_sword\frame_86.json
Writing frame_87.json to assets\minecraft\models\item\inspect_diamond_sword\frame_87.json
Writing frame_88.json to assets\minecraft\models\item\inspect_diamond_sword\frame_88.json
Writing frame_89.json to assets\minecraft\models\item\inspect_diamond_sword\frame_89.json
Writing frame_9.json to assets\minecraft\models\item\inspect_diamond_sword\frame_9.json
Writing frame_90.json to assets\minecraft\models\item\inspect_diamond_sword\frame_90.json
Writing frame_91.json to assets\minecraft\models\item\inspect_diamond_sword\frame_91.json
Writing frame_92.json to assets\minecraft\models\item\inspect_diamond_sword\frame_92.json
Writing frame_93.json to assets\minecraft\models\item\inspect_diamond_sword\frame_93.json
Writing frame_94.json to assets\minecraft\models\item\inspect_diamond_sword\frame_94.json
Writing frame_95.json to assets\minecraft\models\item\inspect_diamond_sword\frame_95.json
Writing frame_96.json to assets\minecraft\models\item\inspect_diamond_sword\frame_96.json
Writing frame_97.json to assets\minecraft\models\item\inspect_diamond_sword\frame_97.json
Writing frame_98.json to assets\minecraft\models\item\inspect_diamond_sword\frame_98.json
Writing frame_99.json to assets\minecraft\models\item\inspect_diamond_sword\frame_99.json
Writing frame_1.json to assets\minecraft\models\item\inspect_golden_sword\frame_1.json
Writing frame_10.json to assets\minecraft\models\item\inspect_golden_sword\frame_10.json
Writing frame_100.json to assets\minecraft\models\item\inspect_golden_sword\frame_100.json
Writing frame_101.json to assets\minecraft\models\item\inspect_golden_sword\frame_101.json
Writing frame_102.json to assets\minecraft\models\item\inspect_golden_sword\frame_102.json
Writing frame_103.json to assets\minecraft\models\item\inspect_golden_sword\frame_103.json
Writing frame_104.json to assets\minecraft\models\item\inspect_golden_sword\frame_104.json
Writing frame_105.json to assets\minecraft\models\item\inspect_golden_sword\frame_105.json
Writing frame_106.json to assets\minecraft\models\item\inspect_golden_sword\frame_106.json
Writing frame_107.json to assets\minecraft\models\item\inspect_golden_sword\frame_107.json
Writing frame_108.json to assets\minecraft\models\item\inspect_golden_sword\frame_108.json
Writing frame_109.json to assets\minecraft\models\item\inspect_golden_sword\frame_109.json
Writing frame_11.json to assets\minecraft\models\item\inspect_golden_sword\frame_11.json
Writing frame_110.json to assets\minecraft\models\item\inspect_golden_sword\frame_110.json
Writing frame_111.json to assets\minecraft\models\item\inspect_golden_sword\frame_111.json
Writing frame_112.json to assets\minecraft\models\item\inspect_golden_sword\frame_112.json
Writing frame_113.json to assets\minecraft\models\item\inspect_golden_sword\frame_113.json
Writing frame_114.json to assets\minecraft\models\item\inspect_golden_sword\frame_114.json
Writing frame_115.json to assets\minecraft\models\item\inspect_golden_sword\frame_115.json
Writing frame_12.json to assets\minecraft\models\item\inspect_golden_sword\frame_12.json
Writing frame_13.json to assets\minecraft\models\item\inspect_golden_sword\frame_13.json
Writing frame_14.json to assets\minecraft\models\item\inspect_golden_sword\frame_14.json
Writing frame_15.json to assets\minecraft\models\item\inspect_golden_sword\frame_15.json
Writing frame_16.json to assets\minecraft\models\item\inspect_golden_sword\frame_16.json
Writing frame_17.json to assets\minecraft\models\item\inspect_golden_sword\frame_17.json
Writing frame_18.json to assets\minecraft\models\item\inspect_golden_sword\frame_18.json
Writing frame_19.json to assets\minecraft\models\item\inspect_golden_sword\frame_19.json
Writing frame_2.json to assets\minecraft\models\item\inspect_golden_sword\frame_2.json
Writing frame_20.json to assets\minecraft\models\item\inspect_golden_sword\frame_20.json
Writing frame_21.json to assets\minecraft\models\item\inspect_golden_sword\frame_21.json
Writing frame_22.json to assets\minecraft\models\item\inspect_golden_sword\frame_22.json
Writing frame_23.json to assets\minecraft\models\item\inspect_golden_sword\frame_23.json
Writing frame_24.json to assets\minecraft\models\item\inspect_golden_sword\frame_24.json
Writing frame_25.json to assets\minecraft\models\item\inspect_golden_sword\frame_25.json
Writing frame_26.json to assets\minecraft\models\item\inspect_golden_sword\frame_26.json
Writing frame_27.json to assets\minecraft\models\item\inspect_golden_sword\frame_27.json
Writing frame_28.json to assets\minecraft\models\item\inspect_golden_sword\frame_28.json
Writing frame_29.json to assets\minecraft\models\item\inspect_golden_sword\frame_29.json
Writing frame_3.json to assets\minecraft\models\item\inspect_golden_sword\frame_3.json
Writing frame_30.json to assets\minecraft\models\item\inspect_golden_sword\frame_30.json
Writing frame_31.json to assets\minecraft\models\item\inspect_golden_sword\frame_31.json
Writing frame_32.json to assets\minecraft\models\item\inspect_golden_sword\frame_32.json
Writing frame_33.json to assets\minecraft\models\item\inspect_golden_sword\frame_33.json
Writing frame_34.json to assets\minecraft\models\item\inspect_golden_sword\frame_34.json
Writing frame_35.json to assets\minecraft\models\item\inspect_golden_sword\frame_35.json
Writing frame_36.json to assets\minecraft\models\item\inspect_golden_sword\frame_36.json
Writing frame_37.json to assets\minecraft\models\item\inspect_golden_sword\frame_37.json
Writing frame_38.json to assets\minecraft\models\item\inspect_golden_sword\frame_38.json
Writing frame_39.json to assets\minecraft\models\item\inspect_golden_sword\frame_39.json
Writing frame_4.json to assets\minecraft\models\item\inspect_golden_sword\frame_4.json
Writing frame_40.json to assets\minecraft\models\item\inspect_golden_sword\frame_40.json
Writing frame_41.json to assets\minecraft\models\item\inspect_golden_sword\frame_41.json
Writing frame_42.json to assets\minecraft\models\item\inspect_golden_sword\frame_42.json
Writing frame_43.json to assets\minecraft\models\item\inspect_golden_sword\frame_43.json
Writing frame_44.json to assets\minecraft\models\item\inspect_golden_sword\frame_44.json
Writing frame_45.json to assets\minecraft\models\item\inspect_golden_sword\frame_45.json
Writing frame_46.json to assets\minecraft\models\item\inspect_golden_sword\frame_46.json
Writing frame_47.json to assets\minecraft\models\item\inspect_golden_sword\frame_47.json
Writing frame_48.json to assets\minecraft\models\item\inspect_golden_sword\frame_48.json
Writing frame_49.json to assets\minecraft\models\item\inspect_golden_sword\frame_49.json
Writing frame_5.json to assets\minecraft\models\item\inspect_golden_sword\frame_5.json
Writing frame_50.json to assets\minecraft\models\item\inspect_golden_sword\frame_50.json
Writing frame_51.json to assets\minecraft\models\item\inspect_golden_sword\frame_51.json
Writing frame_52.json to assets\minecraft\models\item\inspect_golden_sword\frame_52.json
Writing frame_53.json to assets\minecraft\models\item\inspect_golden_sword\frame_53.json
Writing frame_54.json to assets\minecraft\models\item\inspect_golden_sword\frame_54.json
Writing frame_55.json to assets\minecraft\models\item\inspect_golden_sword\frame_55.json
Writing frame_56.json to assets\minecraft\models\item\inspect_golden_sword\frame_56.json
Writing frame_57.json to assets\minecraft\models\item\inspect_golden_sword\frame_57.json
Writing frame_58.json to assets\minecraft\models\item\inspect_golden_sword\frame_58.json
Writing frame_59.json to assets\minecraft\models\item\inspect_golden_sword\frame_59.json
Writing frame_6.json to assets\minecraft\models\item\inspect_golden_sword\frame_6.json
Writing frame_60.json to assets\minecraft\models\item\inspect_golden_sword\frame_60.json
Writing frame_61.json to assets\minecraft\models\item\inspect_golden_sword\frame_61.json
Writing frame_62.json to assets\minecraft\models\item\inspect_golden_sword\frame_62.json
Writing frame_63.json to assets\minecraft\models\item\inspect_golden_sword\frame_63.json
Writing frame_64.json to assets\minecraft\models\item\inspect_golden_sword\frame_64.json
Writing frame_65.json to assets\minecraft\models\item\inspect_golden_sword\frame_65.json
Writing frame_66.json to assets\minecraft\models\item\inspect_golden_sword\frame_66.json
Writing frame_67.json to assets\minecraft\models\item\inspect_golden_sword\frame_67.json
Writing frame_68.json to assets\minecraft\models\item\inspect_golden_sword\frame_68.json
Writing frame_69.json to assets\minecraft\models\item\inspect_golden_sword\frame_69.json
Writing frame_7.json to assets\minecraft\models\item\inspect_golden_sword\frame_7.json
Writing frame_70.json to assets\minecraft\models\item\inspect_golden_sword\frame_70.json
Writing frame_71.json to assets\minecraft\models\item\inspect_golden_sword\frame_71.json
Writing frame_72.json to assets\minecraft\models\item\inspect_golden_sword\frame_72.json
Writing frame_73.json to assets\minecraft\models\item\inspect_golden_sword\frame_73.json
Writing frame_74.json to assets\minecraft\models\item\inspect_golden_sword\frame_74.json
Writing frame_75.json to assets\minecraft\models\item\inspect_golden_sword\frame_75.json
Writing frame_76.json to assets\minecraft\models\item\inspect_golden_sword\frame_76.json
Writing frame_77.json to assets\minecraft\models\item\inspect_golden_sword\frame_77.json
Writing frame_78.json to assets\minecraft\models\item\inspect_golden_sword\frame_78.json
Writing frame_79.json to assets\minecraft\models\item\inspect_golden_sword\frame_79.json
Writing frame_8.json to assets\minecraft\models\item\inspect_golden_sword\frame_8.json
Writing frame_80.json to assets\minecraft\models\item\inspect_golden_sword\frame_80.json
Writing frame_81.json to assets\minecraft\models\item\inspect_golden_sword\frame_81.json
Writing frame_82.json to assets\minecraft\models\item\inspect_golden_sword\frame_82.json
Writing frame_83.json to assets\minecraft\models\item\inspect_golden_sword\frame_83.json
Writing frame_84.json to assets\minecraft\models\item\inspect_golden_sword\frame_84.json
Writing frame_85.json to assets\minecraft\models\item\inspect_golden_sword\frame_85.json
Writing frame_86.json to assets\minecraft\models\item\inspect_golden_sword\frame_86.json
Writing frame_87.json to assets\minecraft\models\item\inspect_golden_sword\frame_87.json
Writing frame_88.json to assets\minecraft\models\item\inspect_golden_sword\frame_88.json
Writing frame_89.json to assets\minecraft\models\item\inspect_golden_sword\frame_89.json
Writing frame_9.json to assets\minecraft\models\item\inspect_golden_sword\frame_9.json
Writing frame_90.json to assets\minecraft\models\item\inspect_golden_sword\frame_90.json
Writing frame_91.json to assets\minecraft\models\item\inspect_golden_sword\frame_91.json
Writing frame_92.json to assets\minecraft\models\item\inspect_golden_sword\frame_92.json
Writing frame_93.json to assets\minecraft\models\item\inspect_golden_sword\frame_93.json
Writing frame_94.json to assets\minecraft\models\item\inspect_golden_sword\frame_94.json
Writing frame_95.json to assets\minecraft\models\item\inspect_golden_sword\frame_95.json
Writing frame_96.json to assets\minecraft\models\item\inspect_golden_sword\frame_96.json
Writing frame_97.json to assets\minecraft\models\item\inspect_golden_sword\frame_97.json
Writing frame_98.json to assets\minecraft\models\item\inspect_golden_sword\frame_98.json
Writing frame_99.json to assets\minecraft\models\item\inspect_golden_sword\frame_99.json
Writing frame_1.json to assets\minecraft\models\item\inspect_iron_sword\frame_1.json
Writing frame_10.json to assets\minecraft\models\item\inspect_iron_sword\frame_10.json
Writing frame_100.json to assets\minecraft\models\item\inspect_iron_sword\frame_100.json
Writing frame_101.json to assets\minecraft\models\item\inspect_iron_sword\frame_101.json
Writing frame_102.json to assets\minecraft\models\item\inspect_iron_sword\frame_102.json
Writing frame_103.json to assets\minecraft\models\item\inspect_iron_sword\frame_103.json
Writing frame_104.json to assets\minecraft\models\item\inspect_iron_sword\frame_104.json
Writing frame_105.json to assets\minecraft\models\item\inspect_iron_sword\frame_105.json
Writing frame_106.json to assets\minecraft\models\item\inspect_iron_sword\frame_106.json
Writing frame_107.json to assets\minecraft\models\item\inspect_iron_sword\frame_107.json
Writing frame_108.json to assets\minecraft\models\item\inspect_iron_sword\frame_108.json
Writing frame_109.json to assets\minecraft\models\item\inspect_iron_sword\frame_109.json
Writing frame_11.json to assets\minecraft\models\item\inspect_iron_sword\frame_11.json
Writing frame_110.json to assets\minecraft\models\item\inspect_iron_sword\frame_110.json
Writing frame_111.json to assets\minecraft\models\item\inspect_iron_sword\frame_111.json
Writing frame_112.json to assets\minecraft\models\item\inspect_iron_sword\frame_112.json
Writing frame_113.json to assets\minecraft\models\item\inspect_iron_sword\frame_113.json
Writing frame_114.json to assets\minecraft\models\item\inspect_iron_sword\frame_114.json
Writing frame_115.json to assets\minecraft\models\item\inspect_iron_sword\frame_115.json
Writing frame_12.json to assets\minecraft\models\item\inspect_iron_sword\frame_12.json
Writing frame_13.json to assets\minecraft\models\item\inspect_iron_sword\frame_13.json
Writing frame_14.json to assets\minecraft\models\item\inspect_iron_sword\frame_14.json
Writing frame_15.json to assets\minecraft\models\item\inspect_iron_sword\frame_15.json
Writing frame_16.json to assets\minecraft\models\item\inspect_iron_sword\frame_16.json
Writing frame_17.json to assets\minecraft\models\item\inspect_iron_sword\frame_17.json
Writing frame_18.json to assets\minecraft\models\item\inspect_iron_sword\frame_18.json
Writing frame_19.json to assets\minecraft\models\item\inspect_iron_sword\frame_19.json
Writing frame_2.json to assets\minecraft\models\item\inspect_iron_sword\frame_2.json
Writing frame_20.json to assets\minecraft\models\item\inspect_iron_sword\frame_20.json
Writing frame_21.json to assets\minecraft\models\item\inspect_iron_sword\frame_21.json
Writing frame_22.json to assets\minecraft\models\item\inspect_iron_sword\frame_22.json
Writing frame_23.json to assets\minecraft\models\item\inspect_iron_sword\frame_23.json
Writing frame_24.json to assets\minecraft\models\item\inspect_iron_sword\frame_24.json
Writing frame_25.json to assets\minecraft\models\item\inspect_iron_sword\frame_25.json
Writing frame_26.json to assets\minecraft\models\item\inspect_iron_sword\frame_26.json
Writing frame_27.json to assets\minecraft\models\item\inspect_iron_sword\frame_27.json
Writing frame_28.json to assets\minecraft\models\item\inspect_iron_sword\frame_28.json
Writing frame_29.json to assets\minecraft\models\item\inspect_iron_sword\frame_29.json
Writing frame_3.json to assets\minecraft\models\item\inspect_iron_sword\frame_3.json
Writing frame_30.json to assets\minecraft\models\item\inspect_iron_sword\frame_30.json
Writing frame_31.json to assets\minecraft\models\item\inspect_iron_sword\frame_31.json
Writing frame_32.json to assets\minecraft\models\item\inspect_iron_sword\frame_32.json
Writing frame_33.json to assets\minecraft\models\item\inspect_iron_sword\frame_33.json
Writing frame_34.json to assets\minecraft\models\item\inspect_iron_sword\frame_34.json
Writing frame_35.json to assets\minecraft\models\item\inspect_iron_sword\frame_35.json
Writing frame_36.json to assets\minecraft\models\item\inspect_iron_sword\frame_36.json
Writing frame_37.json to assets\minecraft\models\item\inspect_iron_sword\frame_37.json
Writing frame_38.json to assets\minecraft\models\item\inspect_iron_sword\frame_38.json
Writing frame_39.json to assets\minecraft\models\item\inspect_iron_sword\frame_39.json
Writing frame_4.json to assets\minecraft\models\item\inspect_iron_sword\frame_4.json
Writing frame_40.json to assets\minecraft\models\item\inspect_iron_sword\frame_40.json
Writing frame_41.json to assets\minecraft\models\item\inspect_iron_sword\frame_41.json
Writing frame_42.json to assets\minecraft\models\item\inspect_iron_sword\frame_42.json
Writing frame_43.json to assets\minecraft\models\item\inspect_iron_sword\frame_43.json
Writing frame_44.json to assets\minecraft\models\item\inspect_iron_sword\frame_44.json
Writing frame_45.json to assets\minecraft\models\item\inspect_iron_sword\frame_45.json
Writing frame_46.json to assets\minecraft\models\item\inspect_iron_sword\frame_46.json
Writing frame_47.json to assets\minecraft\models\item\inspect_iron_sword\frame_47.json
Writing frame_48.json to assets\minecraft\models\item\inspect_iron_sword\frame_48.json
Writing frame_49.json to assets\minecraft\models\item\inspect_iron_sword\frame_49.json
Writing frame_5.json to assets\minecraft\models\item\inspect_iron_sword\frame_5.json
Writing frame_50.json to assets\minecraft\models\item\inspect_iron_sword\frame_50.json
Writing frame_51.json to assets\minecraft\models\item\inspect_iron_sword\frame_51.json
Writing frame_52.json to assets\minecraft\models\item\inspect_iron_sword\frame_52.json
Writing frame_53.json to assets\minecraft\models\item\inspect_iron_sword\frame_53.json
Writing frame_54.json to assets\minecraft\models\item\inspect_iron_sword\frame_54.json
Writing frame_55.json to assets\minecraft\models\item\inspect_iron_sword\frame_55.json
Writing frame_56.json to assets\minecraft\models\item\inspect_iron_sword\frame_56.json
Writing frame_57.json to assets\minecraft\models\item\inspect_iron_sword\frame_57.json
Writing frame_58.json to assets\minecraft\models\item\inspect_iron_sword\frame_58.json
Writing frame_59.json to assets\minecraft\models\item\inspect_iron_sword\frame_59.json
Writing frame_6.json to assets\minecraft\models\item\inspect_iron_sword\frame_6.json
Writing frame_60.json to assets\minecraft\models\item\inspect_iron_sword\frame_60.json
Writing frame_61.json to assets\minecraft\models\item\inspect_iron_sword\frame_61.json
Writing frame_62.json to assets\minecraft\models\item\inspect_iron_sword\frame_62.json
Writing frame_63.json to assets\minecraft\models\item\inspect_iron_sword\frame_63.json
Writing frame_64.json to assets\minecraft\models\item\inspect_iron_sword\frame_64.json
Writing frame_65.json to assets\minecraft\models\item\inspect_iron_sword\frame_65.json
Writing frame_66.json to assets\minecraft\models\item\inspect_iron_sword\frame_66.json
Writing frame_67.json to assets\minecraft\models\item\inspect_iron_sword\frame_67.json
Writing frame_68.json to assets\minecraft\models\item\inspect_iron_sword\frame_68.json
Writing frame_69.json to assets\minecraft\models\item\inspect_iron_sword\frame_69.json
Writing frame_7.json to assets\minecraft\models\item\inspect_iron_sword\frame_7.json
Writing frame_70.json to assets\minecraft\models\item\inspect_iron_sword\frame_70.json
Writing frame_71.json to assets\minecraft\models\item\inspect_iron_sword\frame_71.json
Writing frame_72.json to assets\minecraft\models\item\inspect_iron_sword\frame_72.json
Writing frame_73.json to assets\minecraft\models\item\inspect_iron_sword\frame_73.json
Writing frame_74.json to assets\minecraft\models\item\inspect_iron_sword\frame_74.json
Writing frame_75.json to assets\minecraft\models\item\inspect_iron_sword\frame_75.json
Writing frame_76.json to assets\minecraft\models\item\inspect_iron_sword\frame_76.json
Writing frame_77.json to assets\minecraft\models\item\inspect_iron_sword\frame_77.json
Writing frame_78.json to assets\minecraft\models\item\inspect_iron_sword\frame_78.json
Writing frame_79.json to assets\minecraft\models\item\inspect_iron_sword\frame_79.json
Writing frame_8.json to assets\minecraft\models\item\inspect_iron_sword\frame_8.json
Writing frame_80.json to assets\minecraft\models\item\inspect_iron_sword\frame_80.json
Writing frame_81.json to assets\minecraft\models\item\inspect_iron_sword\frame_81.json
Writing frame_82.json to assets\minecraft\models\item\inspect_iron_sword\frame_82.json
Writing frame_83.json to assets\minecraft\models\item\inspect_iron_sword\frame_83.json
Writing frame_84.json to assets\minecraft\models\item\inspect_iron_sword\frame_84.json
Writing frame_85.json to assets\minecraft\models\item\inspect_iron_sword\frame_85.json
Writing frame_86.json to assets\minecraft\models\item\inspect_iron_sword\frame_86.json
Writing frame_87.json to assets\minecraft\models\item\inspect_iron_sword\frame_87.json
Writing frame_88.json to assets\minecraft\models\item\inspect_iron_sword\frame_88.json
Writing frame_89.json to assets\minecraft\models\item\inspect_iron_sword\frame_89.json
Writing frame_9.json to assets\minecraft\models\item\inspect_iron_sword\frame_9.json
Writing frame_90.json to assets\minecraft\models\item\inspect_iron_sword\frame_90.json
Writing frame_91.json to assets\minecraft\models\item\inspect_iron_sword\frame_91.json
Writing frame_92.json to assets\minecraft\models\item\inspect_iron_sword\frame_92.json
Writing frame_93.json to assets\minecraft\models\item\inspect_iron_sword\frame_93.json
Writing frame_94.json to assets\minecraft\models\item\inspect_iron_sword\frame_94.json
Writing frame_95.json to assets\minecraft\models\item\inspect_iron_sword\frame_95.json
Writing frame_96.json to assets\minecraft\models\item\inspect_iron_sword\frame_96.json
Writing frame_97.json to assets\minecraft\models\item\inspect_iron_sword\frame_97.json
Writing frame_98.json to assets\minecraft\models\item\inspect_iron_sword\frame_98.json
Writing frame_99.json to assets\minecraft\models\item\inspect_iron_sword\frame_99.json
Writing frame_1.json to assets\minecraft\models\item\inspect_netherite_sword\frame_1.json
Writing frame_10.json to assets\minecraft\models\item\inspect_netherite_sword\frame_10.json
Writing frame_100.json to assets\minecraft\models\item\inspect_netherite_sword\frame_100.json
Writing frame_101.json to assets\minecraft\models\item\inspect_netherite_sword\frame_101.json
Writing frame_102.json to assets\minecraft\models\item\inspect_netherite_sword\frame_102.json
Writing frame_103.json to assets\minecraft\models\item\inspect_netherite_sword\frame_103.json
Writing frame_104.json to assets\minecraft\models\item\inspect_netherite_sword\frame_104.json
Writing frame_105.json to assets\minecraft\models\item\inspect_netherite_sword\frame_105.json
Writing frame_106.json to assets\minecraft\models\item\inspect_netherite_sword\frame_106.json
Writing frame_107.json to assets\minecraft\models\item\inspect_netherite_sword\frame_107.json
Writing frame_108.json to assets\minecraft\models\item\inspect_netherite_sword\frame_108.json
Writing frame_109.json to assets\minecraft\models\item\inspect_netherite_sword\frame_109.json
Writing frame_11.json to assets\minecraft\models\item\inspect_netherite_sword\frame_11.json
Writing frame_110.json to assets\minecraft\models\item\inspect_netherite_sword\frame_110.json
Writing frame_111.json to assets\minecraft\models\item\inspect_netherite_sword\frame_111.json
Writing frame_112.json to assets\minecraft\models\item\inspect_netherite_sword\frame_112.json
Writing frame_113.json to assets\minecraft\models\item\inspect_netherite_sword\frame_113.json
Writing frame_114.json to assets\minecraft\models\item\inspect_netherite_sword\frame_114.json
Writing frame_115.json to assets\minecraft\models\item\inspect_netherite_sword\frame_115.json
Writing frame_12.json to assets\minecraft\models\item\inspect_netherite_sword\frame_12.json
Writing frame_13.json to assets\minecraft\models\item\inspect_netherite_sword\frame_13.json
Writing frame_14.json to assets\minecraft\models\item\inspect_netherite_sword\frame_14.json
Writing frame_15.json to assets\minecraft\models\item\inspect_netherite_sword\frame_15.json
Writing frame_16.json to assets\minecraft\models\item\inspect_netherite_sword\frame_16.json
Writing frame_17.json to assets\minecraft\models\item\inspect_netherite_sword\frame_17.json
Writing frame_18.json to assets\minecraft\models\item\inspect_netherite_sword\frame_18.json
Writing frame_19.json to assets\minecraft\models\item\inspect_netherite_sword\frame_19.json
Writing frame_2.json to assets\minecraft\models\item\inspect_netherite_sword\frame_2.json
Writing frame_20.json to assets\minecraft\models\item\inspect_netherite_sword\frame_20.json
Writing frame_21.json to assets\minecraft\models\item\inspect_netherite_sword\frame_21.json
Writing frame_22.json to assets\minecraft\models\item\inspect_netherite_sword\frame_22.json
Writing frame_23.json to assets\minecraft\models\item\inspect_netherite_sword\frame_23.json
Writing frame_24.json to assets\minecraft\models\item\inspect_netherite_sword\frame_24.json
Writing frame_25.json to assets\minecraft\models\item\inspect_netherite_sword\frame_25.json
Writing frame_26.json to assets\minecraft\models\item\inspect_netherite_sword\frame_26.json
Writing frame_27.json to assets\minecraft\models\item\inspect_netherite_sword\frame_27.json
Writing frame_28.json to assets\minecraft\models\item\inspect_netherite_sword\frame_28.json
Writing frame_29.json to assets\minecraft\models\item\inspect_netherite_sword\frame_29.json
Writing frame_3.json to assets\minecraft\models\item\inspect_netherite_sword\frame_3.json
Writing frame_30.json to assets\minecraft\models\item\inspect_netherite_sword\frame_30.json
Writing frame_31.json to assets\minecraft\models\item\inspect_netherite_sword\frame_31.json
Writing frame_32.json to assets\minecraft\models\item\inspect_netherite_sword\frame_32.json
Writing frame_33.json to assets\minecraft\models\item\inspect_netherite_sword\frame_33.json
Writing frame_34.json to assets\minecraft\models\item\inspect_netherite_sword\frame_34.json
Writing frame_35.json to assets\minecraft\models\item\inspect_netherite_sword\frame_35.json
Writing frame_36.json to assets\minecraft\models\item\inspect_netherite_sword\frame_36.json
Writing frame_37.json to assets\minecraft\models\item\inspect_netherite_sword\frame_37.json
Writing frame_38.json to assets\minecraft\models\item\inspect_netherite_sword\frame_38.json
Writing frame_39.json to assets\minecraft\models\item\inspect_netherite_sword\frame_39.json
Writing frame_4.json to assets\minecraft\models\item\inspect_netherite_sword\frame_4.json
Writing frame_40.json to assets\minecraft\models\item\inspect_netherite_sword\frame_40.json
Writing frame_41.json to assets\minecraft\models\item\inspect_netherite_sword\frame_41.json
Writing frame_42.json to assets\minecraft\models\item\inspect_netherite_sword\frame_42.json
Writing frame_43.json to assets\minecraft\models\item\inspect_netherite_sword\frame_43.json
Writing frame_44.json to assets\minecraft\models\item\inspect_netherite_sword\frame_44.json
Writing frame_45.json to assets\minecraft\models\item\inspect_netherite_sword\frame_45.json
Writing frame_46.json to assets\minecraft\models\item\inspect_netherite_sword\frame_46.json
Writing frame_47.json to assets\minecraft\models\item\inspect_netherite_sword\frame_47.json
Writing frame_48.json to assets\minecraft\models\item\inspect_netherite_sword\frame_48.json
Writing frame_49.json to assets\minecraft\models\item\inspect_netherite_sword\frame_49.json
Writing frame_5.json to assets\minecraft\models\item\inspect_netherite_sword\frame_5.json
Writing frame_50.json to assets\minecraft\models\item\inspect_netherite_sword\frame_50.json
Writing frame_51.json to assets\minecraft\models\item\inspect_netherite_sword\frame_51.json
Writing frame_52.json to assets\minecraft\models\item\inspect_netherite_sword\frame_52.json
Writing frame_53.json to assets\minecraft\models\item\inspect_netherite_sword\frame_53.json
Writing frame_54.json to assets\minecraft\models\item\inspect_netherite_sword\frame_54.json
Writing frame_55.json to assets\minecraft\models\item\inspect_netherite_sword\frame_55.json
Writing frame_56.json to assets\minecraft\models\item\inspect_netherite_sword\frame_56.json
Writing frame_57.json to assets\minecraft\models\item\inspect_netherite_sword\frame_57.json
Writing frame_58.json to assets\minecraft\models\item\inspect_netherite_sword\frame_58.json
Writing frame_59.json to assets\minecraft\models\item\inspect_netherite_sword\frame_59.json
Writing frame_6.json to assets\minecraft\models\item\inspect_netherite_sword\frame_6.json
Writing frame_60.json to assets\minecraft\models\item\inspect_netherite_sword\frame_60.json
Writing frame_61.json to assets\minecraft\models\item\inspect_netherite_sword\frame_61.json
Writing frame_62.json to assets\minecraft\models\item\inspect_netherite_sword\frame_62.json
Writing frame_63.json to assets\minecraft\models\item\inspect_netherite_sword\frame_63.json
Writing frame_64.json to assets\minecraft\models\item\inspect_netherite_sword\frame_64.json
Writing frame_65.json to assets\minecraft\models\item\inspect_netherite_sword\frame_65.json
Writing frame_66.json to assets\minecraft\models\item\inspect_netherite_sword\frame_66.json
Writing frame_67.json to assets\minecraft\models\item\inspect_netherite_sword\frame_67.json
Writing frame_68.json to assets\minecraft\models\item\inspect_netherite_sword\frame_68.json
Writing frame_69.json to assets\minecraft\models\item\inspect_netherite_sword\frame_69.json
Writing frame_7.json to assets\minecraft\models\item\inspect_netherite_sword\frame_7.json
Writing frame_70.json to assets\minecraft\models\item\inspect_netherite_sword\frame_70.json
Writing frame_71.json to assets\minecraft\models\item\inspect_netherite_sword\frame_71.json
Writing frame_72.json to assets\minecraft\models\item\inspect_netherite_sword\frame_72.json
Writing frame_73.json to assets\minecraft\models\item\inspect_netherite_sword\frame_73.json
Writing frame_74.json to assets\minecraft\models\item\inspect_netherite_sword\frame_74.json
Writing frame_75.json to assets\minecraft\models\item\inspect_netherite_sword\frame_75.json
Writing frame_76.json to assets\minecraft\models\item\inspect_netherite_sword\frame_76.json
Writing frame_77.json to assets\minecraft\models\item\inspect_netherite_sword\frame_77.json
Writing frame_78.json to assets\minecraft\models\item\inspect_netherite_sword\frame_78.json
Writing frame_79.json to assets\minecraft\models\item\inspect_netherite_sword\frame_79.json
Writing frame_8.json to assets\minecraft\models\item\inspect_netherite_sword\frame_8.json
Writing frame_80.json to assets\minecraft\models\item\inspect_netherite_sword\frame_80.json
Writing frame_81.json to assets\minecraft\models\item\inspect_netherite_sword\frame_81.json
Writing frame_82.json to assets\minecraft\models\item\inspect_netherite_sword\frame_82.json
Writing frame_83.json to assets\minecraft\models\item\inspect_netherite_sword\frame_83.json
Writing frame_84.json to assets\minecraft\models\item\inspect_netherite_sword\frame_84.json
Writing frame_85.json to assets\minecraft\models\item\inspect_netherite_sword\frame_85.json
Writing frame_86.json to assets\minecraft\models\item\inspect_netherite_sword\frame_86.json
Writing frame_87.json to assets\minecraft\models\item\inspect_netherite_sword\frame_87.json
Writing frame_88.json to assets\minecraft\models\item\inspect_netherite_sword\frame_88.json
Writing frame_89.json to assets\minecraft\models\item\inspect_netherite_sword\frame_89.json
Writing frame_9.json to assets\minecraft\models\item\inspect_netherite_sword\frame_9.json
Writing frame_90.json to assets\minecraft\models\item\inspect_netherite_sword\frame_90.json
Writing frame_91.json to assets\minecraft\models\item\inspect_netherite_sword\frame_91.json
Writing frame_92.json to assets\minecraft\models\item\inspect_netherite_sword\frame_92.json
Writing frame_93.json to assets\minecraft\models\item\inspect_netherite_sword\frame_93.json
Writing frame_94.json to assets\minecraft\models\item\inspect_netherite_sword\frame_94.json
Writing frame_95.json to assets\minecraft\models\item\inspect_netherite_sword\frame_95.json
Writing frame_96.json to assets\minecraft\models\item\inspect_netherite_sword\frame_96.json
Writing frame_97.json to assets\minecraft\models\item\inspect_netherite_sword\frame_97.json
Writing frame_98.json to assets\minecraft\models\item\inspect_netherite_sword\frame_98.json
Writing frame_99.json to assets\minecraft\models\item\inspect_netherite_sword\frame_99.json
Writing frame_1.json to assets\minecraft\models\item\inspect_stone_sword\frame_1.json
Writing frame_10.json to assets\minecraft\models\item\inspect_stone_sword\frame_10.json
Writing frame_100.json to assets\minecraft\models\item\inspect_stone_sword\frame_100.json
Writing frame_101.json to assets\minecraft\models\item\inspect_stone_sword\frame_101.json
Writing frame_102.json to assets\minecraft\models\item\inspect_stone_sword\frame_102.json
Writing frame_103.json to assets\minecraft\models\item\inspect_stone_sword\frame_103.json
Writing frame_104.json to assets\minecraft\models\item\inspect_stone_sword\frame_104.json
Writing frame_105.json to assets\minecraft\models\item\inspect_stone_sword\frame_105.json
Writing frame_106.json to assets\minecraft\models\item\inspect_stone_sword\frame_106.json
Writing frame_107.json to assets\minecraft\models\item\inspect_stone_sword\frame_107.json
Writing frame_108.json to assets\minecraft\models\item\inspect_stone_sword\frame_108.json
Writing frame_109.json to assets\minecraft\models\item\inspect_stone_sword\frame_109.json
Writing frame_11.json to assets\minecraft\models\item\inspect_stone_sword\frame_11.json
Writing frame_110.json to assets\minecraft\models\item\inspect_stone_sword\frame_110.json
Writing frame_111.json to assets\minecraft\models\item\inspect_stone_sword\frame_111.json
Writing frame_112.json to assets\minecraft\models\item\inspect_stone_sword\frame_112.json
Writing frame_113.json to assets\minecraft\models\item\inspect_stone_sword\frame_113.json
Writing frame_114.json to assets\minecraft\models\item\inspect_stone_sword\frame_114.json
Writing frame_115.json to assets\minecraft\models\item\inspect_stone_sword\frame_115.json
Writing frame_12.json to assets\minecraft\models\item\inspect_stone_sword\frame_12.json
Writing frame_13.json to assets\minecraft\models\item\inspect_stone_sword\frame_13.json
Writing frame_14.json to assets\minecraft\models\item\inspect_stone_sword\frame_14.json
Writing frame_15.json to assets\minecraft\models\item\inspect_stone_sword\frame_15.json
Writing frame_16.json to assets\minecraft\models\item\inspect_stone_sword\frame_16.json
Writing frame_17.json to assets\minecraft\models\item\inspect_stone_sword\frame_17.json
Writing frame_18.json to assets\minecraft\models\item\inspect_stone_sword\frame_18.json
Writing frame_19.json to assets\minecraft\models\item\inspect_stone_sword\frame_19.json
Writing frame_2.json to assets\minecraft\models\item\inspect_stone_sword\frame_2.json
Writing frame_20.json to assets\minecraft\models\item\inspect_stone_sword\frame_20.json
Writing frame_21.json to assets\minecraft\models\item\inspect_stone_sword\frame_21.json
Writing frame_22.json to assets\minecraft\models\item\inspect_stone_sword\frame_22.json
Writing frame_23.json to assets\minecraft\models\item\inspect_stone_sword\frame_23.json
Writing frame_24.json to assets\minecraft\models\item\inspect_stone_sword\frame_24.json
Writing frame_25.json to assets\minecraft\models\item\inspect_stone_sword\frame_25.json
Writing frame_26.json to assets\minecraft\models\item\inspect_stone_sword\frame_26.json
Writing frame_27.json to assets\minecraft\models\item\inspect_stone_sword\frame_27.json
Writing frame_28.json to assets\minecraft\models\item\inspect_stone_sword\frame_28.json
Writing frame_29.json to assets\minecraft\models\item\inspect_stone_sword\frame_29.json
Writing frame_3.json to assets\minecraft\models\item\inspect_stone_sword\frame_3.json
Writing frame_30.json to assets\minecraft\models\item\inspect_stone_sword\frame_30.json
Writing frame_31.json to assets\minecraft\models\item\inspect_stone_sword\frame_31.json
Writing frame_32.json to assets\minecraft\models\item\inspect_stone_sword\frame_32.json
Writing frame_33.json to assets\minecraft\models\item\inspect_stone_sword\frame_33.json
Writing frame_34.json to assets\minecraft\models\item\inspect_stone_sword\frame_34.json
Writing frame_35.json to assets\minecraft\models\item\inspect_stone_sword\frame_35.json
Writing frame_36.json to assets\minecraft\models\item\inspect_stone_sword\frame_36.json
Writing frame_37.json to assets\minecraft\models\item\inspect_stone_sword\frame_37.json
Writing frame_38.json to assets\minecraft\models\item\inspect_stone_sword\frame_38.json
Writing frame_39.json to assets\minecraft\models\item\inspect_stone_sword\frame_39.json
Writing frame_4.json to assets\minecraft\models\item\inspect_stone_sword\frame_4.json
Writing frame_40.json to assets\minecraft\models\item\inspect_stone_sword\frame_40.json
Writing frame_41.json to assets\minecraft\models\item\inspect_stone_sword\frame_41.json
Writing frame_42.json to assets\minecraft\models\item\inspect_stone_sword\frame_42.json
Writing frame_43.json to assets\minecraft\models\item\inspect_stone_sword\frame_43.json
Writing frame_44.json to assets\minecraft\models\item\inspect_stone_sword\frame_44.json
Writing frame_45.json to assets\minecraft\models\item\inspect_stone_sword\frame_45.json
Writing frame_46.json to assets\minecraft\models\item\inspect_stone_sword\frame_46.json
Writing frame_47.json to assets\minecraft\models\item\inspect_stone_sword\frame_47.json
Writing frame_48.json to assets\minecraft\models\item\inspect_stone_sword\frame_48.json
Writing frame_49.json to assets\minecraft\models\item\inspect_stone_sword\frame_49.json
Writing frame_5.json to assets\minecraft\models\item\inspect_stone_sword\frame_5.json
Writing frame_50.json to assets\minecraft\models\item\inspect_stone_sword\frame_50.json
Writing frame_51.json to assets\minecraft\models\item\inspect_stone_sword\frame_51.json
Writing frame_52.json to assets\minecraft\models\item\inspect_stone_sword\frame_52.json
Writing frame_53.json to assets\minecraft\models\item\inspect_stone_sword\frame_53.json
Writing frame_54.json to assets\minecraft\models\item\inspect_stone_sword\frame_54.json
Writing frame_55.json to assets\minecraft\models\item\inspect_stone_sword\frame_55.json
Writing frame_56.json to assets\minecraft\models\item\inspect_stone_sword\frame_56.json
Writing frame_57.json to assets\minecraft\models\item\inspect_stone_sword\frame_57.json
Writing frame_58.json to assets\minecraft\models\item\inspect_stone_sword\frame_58.json
Writing frame_59.json to assets\minecraft\models\item\inspect_stone_sword\frame_59.json
Writing frame_6.json to assets\minecraft\models\item\inspect_stone_sword\frame_6.json
Writing frame_60.json to assets\minecraft\models\item\inspect_stone_sword\frame_60.json
Writing frame_61.json to assets\minecraft\models\item\inspect_stone_sword\frame_61.json
Writing frame_62.json to assets\minecraft\models\item\inspect_stone_sword\frame_62.json
Writing frame_63.json to assets\minecraft\models\item\inspect_stone_sword\frame_63.json
Writing frame_64.json to assets\minecraft\models\item\inspect_stone_sword\frame_64.json
Writing frame_65.json to assets\minecraft\models\item\inspect_stone_sword\frame_65.json
Writing frame_66.json to assets\minecraft\models\item\inspect_stone_sword\frame_66.json
Writing frame_67.json to assets\minecraft\models\item\inspect_stone_sword\frame_67.json
Writing frame_68.json to assets\minecraft\models\item\inspect_stone_sword\frame_68.json
Writing frame_69.json to assets\minecraft\models\item\inspect_stone_sword\frame_69.json
Writing frame_7.json to assets\minecraft\models\item\inspect_stone_sword\frame_7.json
Writing frame_70.json to assets\minecraft\models\item\inspect_stone_sword\frame_70.json
Writing frame_71.json to assets\minecraft\models\item\inspect_stone_sword\frame_71.json
Writing frame_72.json to assets\minecraft\models\item\inspect_stone_sword\frame_72.json
Writing frame_73.json to assets\minecraft\models\item\inspect_stone_sword\frame_73.json
Writing frame_74.json to assets\minecraft\models\item\inspect_stone_sword\frame_74.json
Writing frame_75.json to assets\minecraft\models\item\inspect_stone_sword\frame_75.json
Writing frame_76.json to assets\minecraft\models\item\inspect_stone_sword\frame_76.json
Writing frame_77.json to assets\minecraft\models\item\inspect_stone_sword\frame_77.json
Writing frame_78.json to assets\minecraft\models\item\inspect_stone_sword\frame_78.json
Writing frame_79.json to assets\minecraft\models\item\inspect_stone_sword\frame_79.json
Writing frame_8.json to assets\minecraft\models\item\inspect_stone_sword\frame_8.json
Writing frame_80.json to assets\minecraft\models\item\inspect_stone_sword\frame_80.json
Writing frame_81.json to assets\minecraft\models\item\inspect_stone_sword\frame_81.json
Writing frame_82.json to assets\minecraft\models\item\inspect_stone_sword\frame_82.json
Writing frame_83.json to assets\minecraft\models\item\inspect_stone_sword\frame_83.json
Writing frame_84.json to assets\minecraft\models\item\inspect_stone_sword\frame_84.json
Writing frame_85.json to assets\minecraft\models\item\inspect_stone_sword\frame_85.json
Writing frame_86.json to assets\minecraft\models\item\inspect_stone_sword\frame_86.json
Writing frame_87.json to assets\minecraft\models\item\inspect_stone_sword\frame_87.json
Writing frame_88.json to assets\minecraft\models\item\inspect_stone_sword\frame_88.json
Writing frame_89.json to assets\minecraft\models\item\inspect_stone_sword\frame_89.json
Writing frame_9.json to assets\minecraft\models\item\inspect_stone_sword\frame_9.json
Writing frame_90.json to assets\minecraft\models\item\inspect_stone_sword\frame_90.json
Writing frame_91.json to assets\minecraft\models\item\inspect_stone_sword\frame_91.json
Writing frame_92.json to assets\minecraft\models\item\inspect_stone_sword\frame_92.json
Writing frame_93.json to assets\minecraft\models\item\inspect_stone_sword\frame_93.json
Writing frame_94.json to assets\minecraft\models\item\inspect_stone_sword\frame_94.json
Writing frame_95.json to assets\minecraft\models\item\inspect_stone_sword\frame_95.json
Writing frame_96.json to assets\minecraft\models\item\inspect_stone_sword\frame_96.json
Writing frame_97.json to assets\minecraft\models\item\inspect_stone_sword\frame_97.json
Writing frame_98.json to assets\minecraft\models\item\inspect_stone_sword\frame_98.json
Writing frame_99.json to assets\minecraft\models\item\inspect_stone_sword\frame_99.json
Writing frame_1.json to assets\minecraft\models\item\inspect_wooden_sword\frame_1.json
Writing frame_10.json to assets\minecraft\models\item\inspect_wooden_sword\frame_10.json
Writing frame_100.json to assets\minecraft\models\item\inspect_wooden_sword\frame_100.json
Writing frame_101.json to assets\minecraft\models\item\inspect_wooden_sword\frame_101.json
Writing frame_102.json to assets\minecraft\models\item\inspect_wooden_sword\frame_102.json
Writing frame_103.json to assets\minecraft\models\item\inspect_wooden_sword\frame_103.json
Writing frame_104.json to assets\minecraft\models\item\inspect_wooden_sword\frame_104.json
Writing frame_105.json to assets\minecraft\models\item\inspect_wooden_sword\frame_105.json
Writing frame_106.json to assets\minecraft\models\item\inspect_wooden_sword\frame_106.json
Writing frame_107.json to assets\minecraft\models\item\inspect_wooden_sword\frame_107.json
Writing frame_108.json to assets\minecraft\models\item\inspect_wooden_sword\frame_108.json
Writing frame_109.json to assets\minecraft\models\item\inspect_wooden_sword\frame_109.json
Writing frame_11.json to assets\minecraft\models\item\inspect_wooden_sword\frame_11.json
Writing frame_110.json to assets\minecraft\models\item\inspect_wooden_sword\frame_110.json
Writing frame_111.json to assets\minecraft\models\item\inspect_wooden_sword\frame_111.json
Writing frame_112.json to assets\minecraft\models\item\inspect_wooden_sword\frame_112.json
Writing frame_113.json to assets\minecraft\models\item\inspect_wooden_sword\frame_113.json
Writing frame_114.json to assets\minecraft\models\item\inspect_wooden_sword\frame_114.json
Writing frame_115.json to assets\minecraft\models\item\inspect_wooden_sword\frame_115.json
Writing frame_12.json to assets\minecraft\models\item\inspect_wooden_sword\frame_12.json
Writing frame_13.json to assets\minecraft\models\item\inspect_wooden_sword\frame_13.json
Writing frame_14.json to assets\minecraft\models\item\inspect_wooden_sword\frame_14.json
Writing frame_15.json to assets\minecraft\models\item\inspect_wooden_sword\frame_15.json
Writing frame_16.json to assets\minecraft\models\item\inspect_wooden_sword\frame_16.json
Writing frame_17.json to assets\minecraft\models\item\inspect_wooden_sword\frame_17.json
Writing frame_18.json to assets\minecraft\models\item\inspect_wooden_sword\frame_18.json
Writing frame_19.json to assets\minecraft\models\item\inspect_wooden_sword\frame_19.json
Writing frame_2.json to assets\minecraft\models\item\inspect_wooden_sword\frame_2.json
Writing frame_20.json to assets\minecraft\models\item\inspect_wooden_sword\frame_20.json
Writing frame_21.json to assets\minecraft\models\item\inspect_wooden_sword\frame_21.json
Writing frame_22.json to assets\minecraft\models\item\inspect_wooden_sword\frame_22.json
Writing frame_23.json to assets\minecraft\models\item\inspect_wooden_sword\frame_23.json
Writing frame_24.json to assets\minecraft\models\item\inspect_wooden_sword\frame_24.json
Writing frame_25.json to assets\minecraft\models\item\inspect_wooden_sword\frame_25.json
Writing frame_26.json to assets\minecraft\models\item\inspect_wooden_sword\frame_26.json
Writing frame_27.json to assets\minecraft\models\item\inspect_wooden_sword\frame_27.json
Writing frame_28.json to assets\minecraft\models\item\inspect_wooden_sword\frame_28.json
Writing frame_29.json to assets\minecraft\models\item\inspect_wooden_sword\frame_29.json
Writing frame_3.json to assets\minecraft\models\item\inspect_wooden_sword\frame_3.json
Writing frame_30.json to assets\minecraft\models\item\inspect_wooden_sword\frame_30.json
Writing frame_31.json to assets\minecraft\models\item\inspect_wooden_sword\frame_31.json
Writing frame_32.json to assets\minecraft\models\item\inspect_wooden_sword\frame_32.json
Writing frame_33.json to assets\minecraft\models\item\inspect_wooden_sword\frame_33.json
Writing frame_34.json to assets\minecraft\models\item\inspect_wooden_sword\frame_34.json
Writing frame_35.json to assets\minecraft\models\item\inspect_wooden_sword\frame_35.json
Writing frame_36.json to assets\minecraft\models\item\inspect_wooden_sword\frame_36.json
Writing frame_37.json to assets\minecraft\models\item\inspect_wooden_sword\frame_37.json
Writing frame_38.json to assets\minecraft\models\item\inspect_wooden_sword\frame_38.json
Writing frame_39.json to assets\minecraft\models\item\inspect_wooden_sword\frame_39.json
Writing frame_4.json to assets\minecraft\models\item\inspect_wooden_sword\frame_4.json
Writing frame_40.json to assets\minecraft\models\item\inspect_wooden_sword\frame_40.json
Writing frame_41.json to assets\minecraft\models\item\inspect_wooden_sword\frame_41.json
Writing frame_42.json to assets\minecraft\models\item\inspect_wooden_sword\frame_42.json
Writing frame_43.json to assets\minecraft\models\item\inspect_wooden_sword\frame_43.json
Writing frame_44.json to assets\minecraft\models\item\inspect_wooden_sword\frame_44.json
Writing frame_45.json to assets\minecraft\models\item\inspect_wooden_sword\frame_45.json
Writing frame_46.json to assets\minecraft\models\item\inspect_wooden_sword\frame_46.json
Writing frame_47.json to assets\minecraft\models\item\inspect_wooden_sword\frame_47.json
Writing frame_48.json to assets\minecraft\models\item\inspect_wooden_sword\frame_48.json
Writing frame_49.json to assets\minecraft\models\item\inspect_wooden_sword\frame_49.json
Writing frame_5.json to assets\minecraft\models\item\inspect_wooden_sword\frame_5.json
Writing frame_50.json to assets\minecraft\models\item\inspect_wooden_sword\frame_50.json
Writing frame_51.json to assets\minecraft\models\item\inspect_wooden_sword\frame_51.json
Writing frame_52.json to assets\minecraft\models\item\inspect_wooden_sword\frame_52.json
Writing frame_53.json to assets\minecraft\models\item\inspect_wooden_sword\frame_53.json
Writing frame_54.json to assets\minecraft\models\item\inspect_wooden_sword\frame_54.json
Writing frame_55.json to assets\minecraft\models\item\inspect_wooden_sword\frame_55.json
Writing frame_56.json to assets\minecraft\models\item\inspect_wooden_sword\frame_56.json
Writing frame_57.json to assets\minecraft\models\item\inspect_wooden_sword\frame_57.json
Writing frame_58.json to assets\minecraft\models\item\inspect_wooden_sword\frame_58.json
Writing frame_59.json to assets\minecraft\models\item\inspect_wooden_sword\frame_59.json
Writing frame_6.json to assets\minecraft\models\item\inspect_wooden_sword\frame_6.json
Writing frame_60.json to assets\minecraft\models\item\inspect_wooden_sword\frame_60.json
Writing frame_61.json to assets\minecraft\models\item\inspect_wooden_sword\frame_61.json
Writing frame_62.json to assets\minecraft\models\item\inspect_wooden_sword\frame_62.json
Writing frame_63.json to assets\minecraft\models\item\inspect_wooden_sword\frame_63.json
Writing frame_64.json to assets\minecraft\models\item\inspect_wooden_sword\frame_64.json
Writing frame_65.json to assets\minecraft\models\item\inspect_wooden_sword\frame_65.json
Writing frame_66.json to assets\minecraft\models\item\inspect_wooden_sword\frame_66.json
Writing frame_67.json to assets\minecraft\models\item\inspect_wooden_sword\frame_67.json
Writing frame_68.json to assets\minecraft\models\item\inspect_wooden_sword\frame_68.json
Writing frame_69.json to assets\minecraft\models\item\inspect_wooden_sword\frame_69.json
Writing frame_7.json to assets\minecraft\models\item\inspect_wooden_sword\frame_7.json
Writing frame_70.json to assets\minecraft\models\item\inspect_wooden_sword\frame_70.json
Writing frame_71.json to assets\minecraft\models\item\inspect_wooden_sword\frame_71.json
Writing frame_72.json to assets\minecraft\models\item\inspect_wooden_sword\frame_72.json
Writing frame_73.json to assets\minecraft\models\item\inspect_wooden_sword\frame_73.json
Writing frame_74.json to assets\minecraft\models\item\inspect_wooden_sword\frame_74.json
Writing frame_75.json to assets\minecraft\models\item\inspect_wooden_sword\frame_75.json
Writing frame_76.json to assets\minecraft\models\item\inspect_wooden_sword\frame_76.json
Writing frame_77.json to assets\minecraft\models\item\inspect_wooden_sword\frame_77.json
Writing frame_78.json to assets\minecraft\models\item\inspect_wooden_sword\frame_78.json
Writing frame_79.json to assets\minecraft\models\item\inspect_wooden_sword\frame_79.json
Writing frame_8.json to assets\minecraft\models\item\inspect_wooden_sword\frame_8.json
Writing frame_80.json to assets\minecraft\models\item\inspect_wooden_sword\frame_80.json
Writing frame_81.json to assets\minecraft\models\item\inspect_wooden_sword\frame_81.json
Writing frame_82.json to assets\minecraft\models\item\inspect_wooden_sword\frame_82.json
Writing frame_83.json to assets\minecraft\models\item\inspect_wooden_sword\frame_83.json
Writing frame_84.json to assets\minecraft\models\item\inspect_wooden_sword\frame_84.json
Writing frame_85.json to assets\minecraft\models\item\inspect_wooden_sword\frame_85.json
Writing frame_86.json to assets\minecraft\models\item\inspect_wooden_sword\frame_86.json
Writing frame_87.json to assets\minecraft\models\item\inspect_wooden_sword\frame_87.json
Writing frame_88.json to assets\minecraft\models\item\inspect_wooden_sword\frame_88.json
Writing frame_89.json to assets\minecraft\models\item\inspect_wooden_sword\frame_89.json
Writing frame_9.json to assets\minecraft\models\item\inspect_wooden_sword\frame_9.json
Writing frame_90.json to assets\minecraft\models\item\inspect_wooden_sword\frame_90.json
Writing frame_91.json to assets\minecraft\models\item\inspect_wooden_sword\frame_91.json
Writing frame_92.json to assets\minecraft\models\item\inspect_wooden_sword\frame_92.json
Writing frame_93.json to assets\minecraft\models\item\inspect_wooden_sword\frame_93.json
Writing frame_94.json to assets\minecraft\models\item\inspect_wooden_sword\frame_94.json
Writing frame_95.json to assets\minecraft\models\item\inspect_wooden_sword\frame_95.json
Writing frame_96.json to assets\minecraft\models\item\inspect_wooden_sword\frame_96.json
Writing frame_97.json to assets\minecraft\models\item\inspect_wooden_sword\frame_97.json
Writing frame_98.json to assets\minecraft\models\item\inspect_wooden_sword\frame_98.json
Writing frame_99.json to assets\minecraft\models\item\inspect_wooden_sword\frame_99.json
Writing frame_1.json to assets\minecraft\models\item\sword_animation_1\key\frame_1.json
Writing frame_2.json to assets\minecraft\models\item\sword_animation_1\key\frame_2.json
Writing timeline.json to assets\minecraft\models\item\sword_animation_1\key\timeline.json
Writing frame_1.json to assets\minecraft\models\item\sword_animation_1\output\frame_1.json
Writing frame_10.json to assets\minecraft\models\item\sword_animation_1\output\frame_10.json
Writing frame_11.json to assets\minecraft\models\item\sword_animation_1\output\frame_11.json
Writing frame_12.json to assets\minecraft\models\item\sword_animation_1\output\frame_12.json
Writing frame_13.json to assets\minecraft\models\item\sword_animation_1\output\frame_13.json
Writing frame_14.json to assets\minecraft\models\item\sword_animation_1\output\frame_14.json
Writing frame_15.json to assets\minecraft\models\item\sword_animation_1\output\frame_15.json
Writing frame_16.json to assets\minecraft\models\item\sword_animation_1\output\frame_16.json
Writing frame_17.json to assets\minecraft\models\item\sword_animation_1\output\frame_17.json
Writing frame_18.json to assets\minecraft\models\item\sword_animation_1\output\frame_18.json
Writing frame_19.json to assets\minecraft\models\item\sword_animation_1\output\frame_19.json
Writing frame_2.json to assets\minecraft\models\item\sword_animation_1\output\frame_2.json
Writing frame_20.json to assets\minecraft\models\item\sword_animation_1\output\frame_20.json
Writing frame_21.json to assets\minecraft\models\item\sword_animation_1\output\frame_21.json
Writing frame_22.json to assets\minecraft\models\item\sword_animation_1\output\frame_22.json
Writing frame_23.json to assets\minecraft\models\item\sword_animation_1\output\frame_23.json
Writing frame_24.json to assets\minecraft\models\item\sword_animation_1\output\frame_24.json
Writing frame_25.json to assets\minecraft\models\item\sword_animation_1\output\frame_25.json
Writing frame_26.json to assets\minecraft\models\item\sword_animation_1\output\frame_26.json
Writing frame_27.json to assets\minecraft\models\item\sword_animation_1\output\frame_27.json
Writing frame_28.json to assets\minecraft\models\item\sword_animation_1\output\frame_28.json
Writing frame_29.json to assets\minecraft\models\item\sword_animation_1\output\frame_29.json
Writing frame_3.json to assets\minecraft\models\item\sword_animation_1\output\frame_3.json
Writing frame_30.json to assets\minecraft\models\item\sword_animation_1\output\frame_30.json
Writing frame_31.json to assets\minecraft\models\item\sword_animation_1\output\frame_31.json
Writing frame_32.json to assets\minecraft\models\item\sword_animation_1\output\frame_32.json
Writing frame_33.json to assets\minecraft\models\item\sword_animation_1\output\frame_33.json
Writing frame_34.json to assets\minecraft\models\item\sword_animation_1\output\frame_34.json
Writing frame_35.json to assets\minecraft\models\item\sword_animation_1\output\frame_35.json
Writing frame_36.json to assets\minecraft\models\item\sword_animation_1\output\frame_36.json
Writing frame_37.json to assets\minecraft\models\item\sword_animation_1\output\frame_37.json
Writing frame_38.json to assets\minecraft\models\item\sword_animation_1\output\frame_38.json
Writing frame_39.json to assets\minecraft\models\item\sword_animation_1\output\frame_39.json
Writing frame_4.json to assets\minecraft\models\item\sword_animation_1\output\frame_4.json
Writing frame_40.json to assets\minecraft\models\item\sword_animation_1\output\frame_40.json
Writing frame_41.json to assets\minecraft\models\item\sword_animation_1\output\frame_41.json
Writing frame_42.json to assets\minecraft\models\item\sword_animation_1\output\frame_42.json
Writing frame_43.json to assets\minecraft\models\item\sword_animation_1\output\frame_43.json
Writing frame_44.json to assets\minecraft\models\item\sword_animation_1\output\frame_44.json
Writing frame_45.json to assets\minecraft\models\item\sword_animation_1\output\frame_45.json
Writing frame_46.json to assets\minecraft\models\item\sword_animation_1\output\frame_46.json
Writing frame_47.json to assets\minecraft\models\item\sword_animation_1\output\frame_47.json
Writing frame_48.json to assets\minecraft\models\item\sword_animation_1\output\frame_48.json
Writing frame_49.json to assets\minecraft\models\item\sword_animation_1\output\frame_49.json
Writing frame_5.json to assets\minecraft\models\item\sword_animation_1\output\frame_5.json
Writing frame_50.json to assets\minecraft\models\item\sword_animation_1\output\frame_50.json
Writing frame_51.json to assets\minecraft\models\item\sword_animation_1\output\frame_51.json
Writing frame_52.json to assets\minecraft\models\item\sword_animation_1\output\frame_52.json
Writing frame_53.json to assets\minecraft\models\item\sword_animation_1\output\frame_53.json
Writing frame_54.json to assets\minecraft\models\item\sword_animation_1\output\frame_54.json
Writing frame_55.json to assets\minecraft\models\item\sword_animation_1\output\frame_55.json
Writing frame_56.json to assets\minecraft\models\item\sword_animation_1\output\frame_56.json
Writing frame_57.json to assets\minecraft\models\item\sword_animation_1\output\frame_57.json
Writing frame_58.json to assets\minecraft\models\item\sword_animation_1\output\frame_58.json
Writing frame_59.json to assets\minecraft\models\item\sword_animation_1\output\frame_59.json
Writing frame_6.json to assets\minecraft\models\item\sword_animation_1\output\frame_6.json
Writing frame_60.json to assets\minecraft\models\item\sword_animation_1\output\frame_60.json
Writing frame_61.json to assets\minecraft\models\item\sword_animation_1\output\frame_61.json
Writing frame_62.json to assets\minecraft\models\item\sword_animation_1\output\frame_62.json
Writing frame_63.json to assets\minecraft\models\item\sword_animation_1\output\frame_63.json
Writing frame_64.json to assets\minecraft\models\item\sword_animation_1\output\frame_64.json
Writing frame_65.json to assets\minecraft\models\item\sword_animation_1\output\frame_65.json
Writing frame_66.json to assets\minecraft\models\item\sword_animation_1\output\frame_66.json
Writing frame_67.json to assets\minecraft\models\item\sword_animation_1\output\frame_67.json
Writing frame_68.json to assets\minecraft\models\item\sword_animation_1\output\frame_68.json
Writing frame_69.json to assets\minecraft\models\item\sword_animation_1\output\frame_69.json
Writing frame_7.json to assets\minecraft\models\item\sword_animation_1\output\frame_7.json
Writing frame_70.json to assets\minecraft\models\item\sword_animation_1\output\frame_70.json
Writing frame_8.json to assets\minecraft\models\item\sword_animation_1\output\frame_8.json
Writing frame_9.json to assets\minecraft\models\item\sword_animation_1\output\frame_9.json
Writing frame_1.json to assets\minecraft\models\item\sword_animation_2\key\frame_1.json
Writing frame_2.json to assets\minecraft\models\item\sword_animation_2\key\frame_2.json
Writing frame_3.json to assets\minecraft\models\item\sword_animation_2\key\frame_3.json
Writing frame_4.json to assets\minecraft\models\item\sword_animation_2\key\frame_4.json
Writing frame_generated.json to assets\minecraft\models\item\sword_animation_2\key\frame_generated.json
Writing timeline.json to assets\minecraft\models\item\sword_animation_2\key\timeline.json
Writing frame_1.json to assets\minecraft\models\item\sword_animation_2\output\frame_1.json
Writing frame_10.json to assets\minecraft\models\item\sword_animation_2\output\frame_10.json
Writing frame_100.json to assets\minecraft\models\item\sword_animation_2\output\frame_100.json
Writing frame_101.json to assets\minecraft\models\item\sword_animation_2\output\frame_101.json
Writing frame_102.json to assets\minecraft\models\item\sword_animation_2\output\frame_102.json
Writing frame_103.json to assets\minecraft\models\item\sword_animation_2\output\frame_103.json
Writing frame_104.json to assets\minecraft\models\item\sword_animation_2\output\frame_104.json
Writing frame_105.json to assets\minecraft\models\item\sword_animation_2\output\frame_105.json
Writing frame_106.json to assets\minecraft\models\item\sword_animation_2\output\frame_106.json
Writing frame_107.json to assets\minecraft\models\item\sword_animation_2\output\frame_107.json
Writing frame_108.json to assets\minecraft\models\item\sword_animation_2\output\frame_108.json
Writing frame_109.json to assets\minecraft\models\item\sword_animation_2\output\frame_109.json
Writing frame_11.json to assets\minecraft\models\item\sword_animation_2\output\frame_11.json
Writing frame_110.json to assets\minecraft\models\item\sword_animation_2\output\frame_110.json
Writing frame_111.json to assets\minecraft\models\item\sword_animation_2\output\frame_111.json
Writing frame_112.json to assets\minecraft\models\item\sword_animation_2\output\frame_112.json
Writing frame_113.json to assets\minecraft\models\item\sword_animation_2\output\frame_113.json
Writing frame_114.json to assets\minecraft\models\item\sword_animation_2\output\frame_114.json
Writing frame_115.json to assets\minecraft\models\item\sword_animation_2\output\frame_115.json
Writing frame_12.json to assets\minecraft\models\item\sword_animation_2\output\frame_12.json
Writing frame_13.json to assets\minecraft\models\item\sword_animation_2\output\frame_13.json
Writing frame_14.json to assets\minecraft\models\item\sword_animation_2\output\frame_14.json
Writing frame_15.json to assets\minecraft\models\item\sword_animation_2\output\frame_15.json
Writing frame_16.json to assets\minecraft\models\item\sword_animation_2\output\frame_16.json
Writing frame_17.json to assets\minecraft\models\item\sword_animation_2\output\frame_17.json
Writing frame_18.json to assets\minecraft\models\item\sword_animation_2\output\frame_18.json
Writing frame_19.json to assets\minecraft\models\item\sword_animation_2\output\frame_19.json
Writing frame_2.json to assets\minecraft\models\item\sword_animation_2\output\frame_2.json
Writing frame_20.json to assets\minecraft\models\item\sword_animation_2\output\frame_20.json
Writing frame_21.json to assets\minecraft\models\item\sword_animation_2\output\frame_21.json
Writing frame_22.json to assets\minecraft\models\item\sword_animation_2\output\frame_22.json
Writing frame_23.json to assets\minecraft\models\item\sword_animation_2\output\frame_23.json
Writing frame_24.json to assets\minecraft\models\item\sword_animation_2\output\frame_24.json
Writing frame_25.json to assets\minecraft\models\item\sword_animation_2\output\frame_25.json
Writing frame_26.json to assets\minecraft\models\item\sword_animation_2\output\frame_26.json
Writing frame_27.json to assets\minecraft\models\item\sword_animation_2\output\frame_27.json
Writing frame_28.json to assets\minecraft\models\item\sword_animation_2\output\frame_28.json
Writing frame_29.json to assets\minecraft\models\item\sword_animation_2\output\frame_29.json
Writing frame_3.json to assets\minecraft\models\item\sword_animation_2\output\frame_3.json
Writing frame_30.json to assets\minecraft\models\item\sword_animation_2\output\frame_30.json
Writing frame_31.json to assets\minecraft\models\item\sword_animation_2\output\frame_31.json
Writing frame_32.json to assets\minecraft\models\item\sword_animation_2\output\frame_32.json
Writing frame_33.json to assets\minecraft\models\item\sword_animation_2\output\frame_33.json
Writing frame_34.json to assets\minecraft\models\item\sword_animation_2\output\frame_34.json
Writing frame_35.json to assets\minecraft\models\item\sword_animation_2\output\frame_35.json
Writing frame_36.json to assets\minecraft\models\item\sword_animation_2\output\frame_36.json
Writing frame_37.json to assets\minecraft\models\item\sword_animation_2\output\frame_37.json
Writing frame_38.json to assets\minecraft\models\item\sword_animation_2\output\frame_38.json
Writing frame_39.json to assets\minecraft\models\item\sword_animation_2\output\frame_39.json
Writing frame_4.json to assets\minecraft\models\item\sword_animation_2\output\frame_4.json
Writing frame_40.json to assets\minecraft\models\item\sword_animation_2\output\frame_40.json
Writing frame_41.json to assets\minecraft\models\item\sword_animation_2\output\frame_41.json
Writing frame_42.json to assets\minecraft\models\item\sword_animation_2\output\frame_42.json
Writing frame_43.json to assets\minecraft\models\item\sword_animation_2\output\frame_43.json
Writing frame_44.json to assets\minecraft\models\item\sword_animation_2\output\frame_44.json
Writing frame_45.json to assets\minecraft\models\item\sword_animation_2\output\frame_45.json
Writing frame_46.json to assets\minecraft\models\item\sword_animation_2\output\frame_46.json
Writing frame_47.json to assets\minecraft\models\item\sword_animation_2\output\frame_47.json
Writing frame_48.json to assets\minecraft\models\item\sword_animation_2\output\frame_48.json
Writing frame_49.json to assets\minecraft\models\item\sword_animation_2\output\frame_49.json
Writing frame_5.json to assets\minecraft\models\item\sword_animation_2\output\frame_5.json
Writing frame_50.json to assets\minecraft\models\item\sword_animation_2\output\frame_50.json
Writing frame_51.json to assets\minecraft\models\item\sword_animation_2\output\frame_51.json
Writing frame_52.json to assets\minecraft\models\item\sword_animation_2\output\frame_52.json
Writing frame_53.json to assets\minecraft\models\item\sword_animation_2\output\frame_53.json
Writing frame_54.json to assets\minecraft\models\item\sword_animation_2\output\frame_54.json
Writing frame_55.json to assets\minecraft\models\item\sword_animation_2\output\frame_55.json
Writing frame_56.json to assets\minecraft\models\item\sword_animation_2\output\frame_56.json
Writing frame_57.json to assets\minecraft\models\item\sword_animation_2\output\frame_57.json
Writing frame_58.json to assets\minecraft\models\item\sword_animation_2\output\frame_58.json
Writing frame_59.json to assets\minecraft\models\item\sword_animation_2\output\frame_59.json
Writing frame_6.json to assets\minecraft\models\item\sword_animation_2\output\frame_6.json
Writing frame_60.json to assets\minecraft\models\item\sword_animation_2\output\frame_60.json
Writing frame_61.json to assets\minecraft\models\item\sword_animation_2\output\frame_61.json
Writing frame_62.json to assets\minecraft\models\item\sword_animation_2\output\frame_62.json
Writing frame_63.json to assets\minecraft\models\item\sword_animation_2\output\frame_63.json
Writing frame_64.json to assets\minecraft\models\item\sword_animation_2\output\frame_64.json
Writing frame_65.json to assets\minecraft\models\item\sword_animation_2\output\frame_65.json
Writing frame_66.json to assets\minecraft\models\item\sword_animation_2\output\frame_66.json
Writing frame_67.json to assets\minecraft\models\item\sword_animation_2\output\frame_67.json
Writing frame_68.json to assets\minecraft\models\item\sword_animation_2\output\frame_68.json
Writing frame_69.json to assets\minecraft\models\item\sword_animation_2\output\frame_69.json
Writing frame_7.json to assets\minecraft\models\item\sword_animation_2\output\frame_7.json
Writing frame_70.json to assets\minecraft\models\item\sword_animation_2\output\frame_70.json
Writing frame_71.json to assets\minecraft\models\item\sword_animation_2\output\frame_71.json
Writing frame_72.json to assets\minecraft\models\item\sword_animation_2\output\frame_72.json
Writing frame_73.json to assets\minecraft\models\item\sword_animation_2\output\frame_73.json
Writing frame_74.json to assets\minecraft\models\item\sword_animation_2\output\frame_74.json
Writing frame_75.json to assets\minecraft\models\item\sword_animation_2\output\frame_75.json
Writing frame_76.json to assets\minecraft\models\item\sword_animation_2\output\frame_76.json
Writing frame_77.json to assets\minecraft\models\item\sword_animation_2\output\frame_77.json
Writing frame_78.json to assets\minecraft\models\item\sword_animation_2\output\frame_78.json
Writing frame_79.json to assets\minecraft\models\item\sword_animation_2\output\frame_79.json
Writing frame_8.json to assets\minecraft\models\item\sword_animation_2\output\frame_8.json
Writing frame_80.json to assets\minecraft\models\item\sword_animation_2\output\frame_80.json
Writing frame_81.json to assets\minecraft\models\item\sword_animation_2\output\frame_81.json
Writing frame_82.json to assets\minecraft\models\item\sword_animation_2\output\frame_82.json
Writing frame_83.json to assets\minecraft\models\item\sword_animation_2\output\frame_83.json
Writing frame_84.json to assets\minecraft\models\item\sword_animation_2\output\frame_84.json
Writing frame_85.json to assets\minecraft\models\item\sword_animation_2\output\frame_85.json
Writing frame_86.json to assets\minecraft\models\item\sword_animation_2\output\frame_86.json
Writing frame_87.json to assets\minecraft\models\item\sword_animation_2\output\frame_87.json
Writing frame_88.json to assets\minecraft\models\item\sword_animation_2\output\frame_88.json
Writing frame_89.json to assets\minecraft\models\item\sword_animation_2\output\frame_89.json
Writing frame_9.json to assets\minecraft\models\item\sword_animation_2\output\frame_9.json
Writing frame_90.json to assets\minecraft\models\item\sword_animation_2\output\frame_90.json
Writing frame_91.json to assets\minecraft\models\item\sword_animation_2\output\frame_91.json
Writing frame_92.json to assets\minecraft\models\item\sword_animation_2\output\frame_92.json
Writing frame_93.json to assets\minecraft\models\item\sword_animation_2\output\frame_93.json
Writing frame_94.json to assets\minecraft\models\item\sword_animation_2\output\frame_94.json
Writing frame_95.json to assets\minecraft\models\item\sword_animation_2\output\frame_95.json
Writing frame_96.json to assets\minecraft\models\item\sword_animation_2\output\frame_96.json
Writing frame_97.json to assets\minecraft\models\item\sword_animation_2\output\frame_97.json
Writing frame_98.json to assets\minecraft\models\item\sword_animation_2\output\frame_98.json
Writing frame_99.json to assets\minecraft\models\item\sword_animation_2\output\frame_99.json
Writing handheld.json to assets\minecraft\models\item\unused\handheld.json
Writing netherite_sword.json to assets\minecraft\models\item\unused\netherite_sword.json
Writing timeline.json to assets\minecraft\models\item\unused\timeline.json
Writing frame_1.json to assets\minecraft\models\item\unused\inspect_netherite_sword\frame_1.json
Writing frame_2.json to assets\minecraft\models\item\unused\inspect_netherite_sword\frame_2.json
Writing frame_3.json to assets\minecraft\models\item\unused\inspect_netherite_sword\frame_3.json
Writing frame_4.json to assets\minecraft\models\item\unused\inspect_netherite_sword\frame_4.json
Writing frame_5.json to assets\minecraft\models\item\unused\inspect_netherite_sword\frame_5.json


Writing C:\Users\torma\Desktop\Projects\minespect\downloads\datapack.zip
Writing pack.mcmeta to pack.mcmeta
Writing whatsthis.json to data\inspect\advancements\whatsthis.json
Writing can_inspect.mcfunction to data\inspect\functions\can_inspect.mcfunction
Writing inspect.mcfunction to data\inspect\functions\inspect.mcfunction
Writing load.mcfunction to data\inspect\functions\load.mcfunction
Writing main.mcfunction to data\inspect\functions\main.mcfunction
Writing reset_models.mcfunction to data\inspect\functions\reset_models.mcfunction
Writing start_animation.mcfunction to data\inspect\functions\start_animation.mcfunction
Writing update_animation.mcfunction to data\inspect\functions\update_animation.mcfunction
Writing update_idle.mcfunction to data\inspect\functions\update_idle.mcfunction
Writing hide_modifiers.json to data\inspect\item_modifiers\hide_modifiers.json
Writing increment_model_data.json to data\inspect\item_modifiers\increment_model_data.json
Writing negative_attack_speed.json to data\inspect\item_modifiers\negative_attack_speed.json
Writing normal_attack_speed.json to data\inspect\item_modifiers\normal_attack_speed.json
Writing reset_model_data.json to data\inspect\item_modifiers\reset_model_data.json
Writing load.json to data\minecraft\tags\functions\load.json
Writing tick.json to data\minecraft\tags\functions\tick.json
